<?xml version="1.0" encoding="UTF-8"?>
<robot generator="Robot 7.0.1 (Python 3.12.3 on win32)" generated="2024-09-07T14:56:04.091345" rpa="false" schemaversion="5">
<suite id="s1" name="Invalid Login" source="D:\sec8\Lab11\Starterfiles\Lab11\lab11\WebDemo\login_tests\invalid_login.robot">
<kw name="Open Browser To Login Page" owner="resource" type="SETUP">
<kw name="Open Browser" owner="SeleniumLibrary">
<msg time="2024-09-07T14:56:04.273317" level="INFO">Opening browser 'Chrome' to base url 'http://localhost:7272/'.</msg>
<arg>${LOGIN URL}</arg>
<arg>${BROWSER}</arg>
<doc>Opens a new browser instance to the optional ``url``.</doc>
<status status="PASS" start="2024-09-07T14:56:04.273317" elapsed="1.745496"/>
</kw>
<kw name="Maximize Browser Window" owner="SeleniumLibrary">
<doc>Maximizes current browser window.</doc>
<status status="PASS" start="2024-09-07T14:56:06.018813" elapsed="0.039000"/>
</kw>
<kw name="Set Selenium Speed" owner="SeleniumLibrary">
<arg>${DELAY}</arg>
<doc>Sets the delay that is waited after each Selenium command.</doc>
<status status="PASS" start="2024-09-07T14:56:06.057813" elapsed="0.000000"/>
</kw>
<kw name="Login Page Should Be Open" owner="resource">
<kw name="Title Should Be" owner="SeleniumLibrary">
<msg time="2024-09-07T14:56:06.069816" level="INFO">Page title is 'Login Page'.</msg>
<arg>Login Page</arg>
<doc>Verifies that the current page title equals ``title``.</doc>
<status status="PASS" start="2024-09-07T14:56:06.058815" elapsed="0.011001"/>
</kw>
<status status="PASS" start="2024-09-07T14:56:06.057813" elapsed="0.012003"/>
</kw>
<status status="PASS" start="2024-09-07T14:56:04.273317" elapsed="1.796499"/>
</kw>
<test id="s1-t1" name="Invalid Username" line="17">
<kw name="Go To Login Page" owner="resource" type="SETUP">
<kw name="Go To" owner="SeleniumLibrary">
<msg time="2024-09-07T14:56:06.071814" level="INFO">Opening url 'http://localhost:7272/'</msg>
<arg>${LOGIN URL}</arg>
<doc>Navigates the current browser window to the provided ``url``.</doc>
<status status="PASS" start="2024-09-07T14:56:06.070822" elapsed="0.018992"/>
</kw>
<kw name="Login Page Should Be Open" owner="resource">
<kw name="Title Should Be" owner="SeleniumLibrary">
<msg time="2024-09-07T14:56:06.093814" level="INFO">Page title is 'Login Page'.</msg>
<arg>Login Page</arg>
<doc>Verifies that the current page title equals ``title``.</doc>
<status status="PASS" start="2024-09-07T14:56:06.089814" elapsed="0.004000"/>
</kw>
<status status="PASS" start="2024-09-07T14:56:06.089814" elapsed="0.004000"/>
</kw>
<status status="PASS" start="2024-09-07T14:56:06.070822" elapsed="0.022992"/>
</kw>
<kw name="Login With Invalid Credentials Should Fail">
<kw name="Input Username" owner="resource">
<kw name="Input Text" owner="SeleniumLibrary">
<msg time="2024-09-07T14:56:06.095818" level="INFO">Typing text 'invalid' into text field 'username_field'.</msg>
<arg>username_field</arg>
<arg>${username}</arg>
<doc>Types the given ``text`` into the text field identified by ``locator``.</doc>
<status status="PASS" start="2024-09-07T14:56:06.095818" elapsed="0.150992"/>
</kw>
<arg>${username}</arg>
<status status="PASS" start="2024-09-07T14:56:06.094815" elapsed="0.151995"/>
</kw>
<kw name="Input Password" owner="resource">
<kw name="Input Text" owner="SeleniumLibrary">
<msg time="2024-09-07T14:56:06.246810" level="INFO">Typing text 'mode' into text field 'password_field'.</msg>
<arg>password_field</arg>
<arg>${password}</arg>
<doc>Types the given ``text`` into the text field identified by ``locator``.</doc>
<status status="PASS" start="2024-09-07T14:56:06.246810" elapsed="0.069999"/>
</kw>
<arg>${password}</arg>
<status status="PASS" start="2024-09-07T14:56:06.246810" elapsed="0.069999"/>
</kw>
<kw name="Submit Credentials" owner="resource">
<kw name="Click Button" owner="SeleniumLibrary">
<msg time="2024-09-07T14:56:06.316809" level="INFO">Clicking button 'login_button'.</msg>
<arg>login_button</arg>
<doc>Clicks the button identified by ``locator``.</doc>
<status status="PASS" start="2024-09-07T14:56:06.316809" elapsed="0.090013"/>
</kw>
<status status="PASS" start="2024-09-07T14:56:06.316809" elapsed="0.091004"/>
</kw>
<kw name="Login Should Have Failed">
<kw name="Location Should Be" owner="SeleniumLibrary">
<msg time="2024-09-07T14:56:06.415846" level="INFO">Current location is 'http://localhost:7272/error.html'.</msg>
<arg>${ERROR URL}</arg>
<doc>Verifies that the current URL is exactly ``url``.</doc>
<status status="PASS" start="2024-09-07T14:56:06.407813" elapsed="0.008033"/>
</kw>
<kw name="Title Should Be" owner="SeleniumLibrary">
<msg time="2024-09-07T14:56:06.420809" level="INFO">Page title is 'Error Page'.</msg>
<arg>Error Page</arg>
<doc>Verifies that the current page title equals ``title``.</doc>
<status status="PASS" start="2024-09-07T14:56:06.415846" elapsed="0.004963"/>
</kw>
<status status="PASS" start="2024-09-07T14:56:06.407813" elapsed="0.012996"/>
</kw>
<arg>invalid</arg>
<arg>${VALID PASSWORD}</arg>
<status status="PASS" start="2024-09-07T14:56:06.094815" elapsed="0.325994"/>
</kw>
<status status="PASS" start="2024-09-07T14:56:06.069816" elapsed="0.350993"/>
</test>
<test id="s1-t2" name="Invalid Password" line="18">
<kw name="Go To Login Page" owner="resource" type="SETUP">
<kw name="Go To" owner="SeleniumLibrary">
<msg time="2024-09-07T14:56:06.422809" level="INFO">Opening url 'http://localhost:7272/'</msg>
<arg>${LOGIN URL}</arg>
<doc>Navigates the current browser window to the provided ``url``.</doc>
<status status="PASS" start="2024-09-07T14:56:06.422809" elapsed="0.025002"/>
</kw>
<kw name="Login Page Should Be Open" owner="resource">
<kw name="Title Should Be" owner="SeleniumLibrary">
<msg time="2024-09-07T14:56:06.455811" level="INFO">Page title is 'Login Page'.</msg>
<arg>Login Page</arg>
<doc>Verifies that the current page title equals ``title``.</doc>
<status status="PASS" start="2024-09-07T14:56:06.448823" elapsed="0.006988"/>
</kw>
<status status="PASS" start="2024-09-07T14:56:06.448823" elapsed="0.006988"/>
</kw>
<status status="PASS" start="2024-09-07T14:56:06.421810" elapsed="0.034001"/>
</kw>
<kw name="Login With Invalid Credentials Should Fail">
<kw name="Input Username" owner="resource">
<kw name="Input Text" owner="SeleniumLibrary">
<msg time="2024-09-07T14:56:06.457810" level="INFO">Typing text 'demo' into text field 'username_field'.</msg>
<arg>username_field</arg>
<arg>${username}</arg>
<doc>Types the given ``text`` into the text field identified by ``locator``.</doc>
<status status="PASS" start="2024-09-07T14:56:06.456810" elapsed="0.082000"/>
</kw>
<arg>${username}</arg>
<status status="PASS" start="2024-09-07T14:56:06.456810" elapsed="0.082000"/>
</kw>
<kw name="Input Password" owner="resource">
<kw name="Input Text" owner="SeleniumLibrary">
<msg time="2024-09-07T14:56:06.539813" level="INFO">Typing text 'invalid' into text field 'password_field'.</msg>
<arg>password_field</arg>
<arg>${password}</arg>
<doc>Types the given ``text`` into the text field identified by ``locator``.</doc>
<status status="PASS" start="2024-09-07T14:56:06.539813" elapsed="0.075004"/>
</kw>
<arg>${password}</arg>
<status status="PASS" start="2024-09-07T14:56:06.539813" elapsed="0.075004"/>
</kw>
<kw name="Submit Credentials" owner="resource">
<kw name="Click Button" owner="SeleniumLibrary">
<msg time="2024-09-07T14:56:06.614817" level="INFO">Clicking button 'login_button'.</msg>
<arg>login_button</arg>
<doc>Clicks the button identified by ``locator``.</doc>
<status status="PASS" start="2024-09-07T14:56:06.614817" elapsed="0.055001"/>
</kw>
<status status="PASS" start="2024-09-07T14:56:06.614817" elapsed="0.055001"/>
</kw>
<kw name="Login Should Have Failed">
<kw name="Location Should Be" owner="SeleniumLibrary">
<msg time="2024-09-07T14:56:06.677815" level="INFO">Current location is 'http://localhost:7272/error.html'.</msg>
<arg>${ERROR URL}</arg>
<doc>Verifies that the current URL is exactly ``url``.</doc>
<status status="PASS" start="2024-09-07T14:56:06.670811" elapsed="0.007004"/>
</kw>
<kw name="Title Should Be" owner="SeleniumLibrary">
<msg time="2024-09-07T14:56:06.681809" level="INFO">Page title is 'Error Page'.</msg>
<arg>Error Page</arg>
<doc>Verifies that the current page title equals ``title``.</doc>
<status status="PASS" start="2024-09-07T14:56:06.677815" elapsed="0.003994"/>
</kw>
<status status="PASS" start="2024-09-07T14:56:06.670811" elapsed="0.010998"/>
</kw>
<arg>${VALID USER}</arg>
<arg>invalid</arg>
<status status="PASS" start="2024-09-07T14:56:06.456810" elapsed="0.225999"/>
</kw>
<status status="PASS" start="2024-09-07T14:56:06.421810" elapsed="0.260999"/>
</test>
<test id="s1-t3" name="Invalid Username And Password" line="19">
<kw name="Go To Login Page" owner="resource" type="SETUP">
<kw name="Go To" owner="SeleniumLibrary">
<msg time="2024-09-07T14:56:06.683810" level="INFO">Opening url 'http://localhost:7272/'</msg>
<arg>${LOGIN URL}</arg>
<doc>Navigates the current browser window to the provided ``url``.</doc>
<status status="PASS" start="2024-09-07T14:56:06.683810" elapsed="0.025002"/>
</kw>
<kw name="Login Page Should Be Open" owner="resource">
<kw name="Title Should Be" owner="SeleniumLibrary">
<msg time="2024-09-07T14:56:06.718810" level="INFO">Page title is 'Login Page'.</msg>
<arg>Login Page</arg>
<doc>Verifies that the current page title equals ``title``.</doc>
<status status="PASS" start="2024-09-07T14:56:06.709816" elapsed="0.008994"/>
</kw>
<status status="PASS" start="2024-09-07T14:56:06.709816" elapsed="0.008994"/>
</kw>
<status status="PASS" start="2024-09-07T14:56:06.683810" elapsed="0.035000"/>
</kw>
<kw name="Login With Invalid Credentials Should Fail">
<kw name="Input Username" owner="resource">
<kw name="Input Text" owner="SeleniumLibrary">
<msg time="2024-09-07T14:56:06.721810" level="INFO">Typing text 'invalid' into text field 'username_field'.</msg>
<arg>username_field</arg>
<arg>${username}</arg>
<doc>Types the given ``text`` into the text field identified by ``locator``.</doc>
<status status="PASS" start="2024-09-07T14:56:06.719835" elapsed="0.083975"/>
</kw>
<arg>${username}</arg>
<status status="PASS" start="2024-09-07T14:56:06.719835" elapsed="0.083975"/>
</kw>
<kw name="Input Password" owner="resource">
<kw name="Input Text" owner="SeleniumLibrary">
<msg time="2024-09-07T14:56:06.803810" level="INFO">Typing text 'whatever' into text field 'password_field'.</msg>
<arg>password_field</arg>
<arg>${password}</arg>
<doc>Types the given ``text`` into the text field identified by ``locator``.</doc>
<status status="PASS" start="2024-09-07T14:56:06.803810" elapsed="0.070001"/>
</kw>
<arg>${password}</arg>
<status status="PASS" start="2024-09-07T14:56:06.803810" elapsed="0.070001"/>
</kw>
<kw name="Submit Credentials" owner="resource">
<kw name="Click Button" owner="SeleniumLibrary">
<msg time="2024-09-07T14:56:06.874809" level="INFO">Clicking button 'login_button'.</msg>
<arg>login_button</arg>
<doc>Clicks the button identified by ``locator``.</doc>
<status status="PASS" start="2024-09-07T14:56:06.874809" elapsed="0.058002"/>
</kw>
<status status="PASS" start="2024-09-07T14:56:06.874809" elapsed="0.058002"/>
</kw>
<kw name="Login Should Have Failed">
<kw name="Location Should Be" owner="SeleniumLibrary">
<msg time="2024-09-07T14:56:06.940810" level="INFO">Current location is 'http://localhost:7272/error.html'.</msg>
<arg>${ERROR URL}</arg>
<doc>Verifies that the current URL is exactly ``url``.</doc>
<status status="PASS" start="2024-09-07T14:56:06.933834" elapsed="0.006976"/>
</kw>
<kw name="Title Should Be" owner="SeleniumLibrary">
<msg time="2024-09-07T14:56:06.946826" level="INFO">Page title is 'Error Page'.</msg>
<arg>Error Page</arg>
<doc>Verifies that the current page title equals ``title``.</doc>
<status status="PASS" start="2024-09-07T14:56:06.940810" elapsed="0.006016"/>
</kw>
<status status="PASS" start="2024-09-07T14:56:06.932811" elapsed="0.014015"/>
</kw>
<arg>invalid</arg>
<arg>whatever</arg>
<status status="PASS" start="2024-09-07T14:56:06.719835" elapsed="0.226991"/>
</kw>
<status status="PASS" start="2024-09-07T14:56:06.683810" elapsed="0.264000"/>
</test>
<test id="s1-t4" name="Empty Username" line="20">
<kw name="Go To Login Page" owner="resource" type="SETUP">
<kw name="Go To" owner="SeleniumLibrary">
<msg time="2024-09-07T14:56:06.948809" level="INFO">Opening url 'http://localhost:7272/'</msg>
<arg>${LOGIN URL}</arg>
<doc>Navigates the current browser window to the provided ``url``.</doc>
<status status="PASS" start="2024-09-07T14:56:06.948809" elapsed="0.024004"/>
</kw>
<kw name="Login Page Should Be Open" owner="resource">
<kw name="Title Should Be" owner="SeleniumLibrary">
<msg time="2024-09-07T14:56:06.982839" level="INFO">Page title is 'Login Page'.</msg>
<arg>Login Page</arg>
<doc>Verifies that the current page title equals ``title``.</doc>
<status status="PASS" start="2024-09-07T14:56:06.972813" elapsed="0.010026"/>
</kw>
<status status="PASS" start="2024-09-07T14:56:06.972813" elapsed="0.010026"/>
</kw>
<status status="PASS" start="2024-09-07T14:56:06.948809" elapsed="0.034030"/>
</kw>
<kw name="Login With Invalid Credentials Should Fail">
<kw name="Input Username" owner="resource">
<kw name="Input Text" owner="SeleniumLibrary">
<msg time="2024-09-07T14:56:06.984839" level="INFO">Typing text '' into text field 'username_field'.</msg>
<arg>username_field</arg>
<arg>${username}</arg>
<doc>Types the given ``text`` into the text field identified by ``locator``.</doc>
<status status="PASS" start="2024-09-07T14:56:06.984839" elapsed="0.071971"/>
</kw>
<arg>${username}</arg>
<status status="PASS" start="2024-09-07T14:56:06.983812" elapsed="0.072998"/>
</kw>
<kw name="Input Password" owner="resource">
<kw name="Input Text" owner="SeleniumLibrary">
<msg time="2024-09-07T14:56:07.057810" level="INFO">Typing text 'mode' into text field 'password_field'.</msg>
<arg>password_field</arg>
<arg>${password}</arg>
<doc>Types the given ``text`` into the text field identified by ``locator``.</doc>
<status status="PASS" start="2024-09-07T14:56:07.057810" elapsed="0.068001"/>
</kw>
<arg>${password}</arg>
<status status="PASS" start="2024-09-07T14:56:07.057810" elapsed="0.068001"/>
</kw>
<kw name="Submit Credentials" owner="resource">
<kw name="Click Button" owner="SeleniumLibrary">
<msg time="2024-09-07T14:56:07.126810" level="INFO">Clicking button 'login_button'.</msg>
<arg>login_button</arg>
<doc>Clicks the button identified by ``locator``.</doc>
<status status="PASS" start="2024-09-07T14:56:07.126810" elapsed="0.059002"/>
</kw>
<status status="PASS" start="2024-09-07T14:56:07.125811" elapsed="0.060001"/>
</kw>
<kw name="Login Should Have Failed">
<kw name="Location Should Be" owner="SeleniumLibrary">
<msg time="2024-09-07T14:56:07.191834" level="INFO">Current location is 'http://localhost:7272/error.html'.</msg>
<arg>${ERROR URL}</arg>
<doc>Verifies that the current URL is exactly ``url``.</doc>
<status status="PASS" start="2024-09-07T14:56:07.186812" elapsed="0.005022"/>
</kw>
<kw name="Title Should Be" owner="SeleniumLibrary">
<msg time="2024-09-07T14:56:07.196810" level="INFO">Page title is 'Error Page'.</msg>
<arg>Error Page</arg>
<doc>Verifies that the current page title equals ``title``.</doc>
<status status="PASS" start="2024-09-07T14:56:07.191834" elapsed="0.004976"/>
</kw>
<status status="PASS" start="2024-09-07T14:56:07.185812" elapsed="0.010998"/>
</kw>
<arg>${EMPTY}</arg>
<arg>${VALID PASSWORD}</arg>
<status status="PASS" start="2024-09-07T14:56:06.982839" elapsed="0.213971"/>
</kw>
<status status="PASS" start="2024-09-07T14:56:06.948809" elapsed="0.248001"/>
</test>
<test id="s1-t5" name="Empty Password" line="21">
<kw name="Go To Login Page" owner="resource" type="SETUP">
<kw name="Go To" owner="SeleniumLibrary">
<msg time="2024-09-07T14:56:07.198809" level="INFO">Opening url 'http://localhost:7272/'</msg>
<arg>${LOGIN URL}</arg>
<doc>Navigates the current browser window to the provided ``url``.</doc>
<status status="PASS" start="2024-09-07T14:56:07.198809" elapsed="0.024003"/>
</kw>
<kw name="Login Page Should Be Open" owner="resource">
<kw name="Title Should Be" owner="SeleniumLibrary">
<msg time="2024-09-07T14:56:07.231811" level="INFO">Page title is 'Login Page'.</msg>
<arg>Login Page</arg>
<doc>Verifies that the current page title equals ``title``.</doc>
<status status="PASS" start="2024-09-07T14:56:07.223811" elapsed="0.008000"/>
</kw>
<status status="PASS" start="2024-09-07T14:56:07.222812" elapsed="0.008999"/>
</kw>
<status status="PASS" start="2024-09-07T14:56:07.197809" elapsed="0.034002"/>
</kw>
<kw name="Login With Invalid Credentials Should Fail">
<kw name="Input Username" owner="resource">
<kw name="Input Text" owner="SeleniumLibrary">
<msg time="2024-09-07T14:56:07.234839" level="INFO">Typing text 'demo' into text field 'username_field'.</msg>
<arg>username_field</arg>
<arg>${username}</arg>
<doc>Types the given ``text`` into the text field identified by ``locator``.</doc>
<status status="PASS" start="2024-09-07T14:56:07.233857" elapsed="0.082953"/>
</kw>
<arg>${username}</arg>
<status status="PASS" start="2024-09-07T14:56:07.233857" elapsed="0.082953"/>
</kw>
<kw name="Input Password" owner="resource">
<kw name="Input Text" owner="SeleniumLibrary">
<msg time="2024-09-07T14:56:07.317811" level="INFO">Typing text '' into text field 'password_field'.</msg>
<arg>password_field</arg>
<arg>${password}</arg>
<doc>Types the given ``text`` into the text field identified by ``locator``.</doc>
<status status="PASS" start="2024-09-07T14:56:07.317811" elapsed="0.052999"/>
</kw>
<arg>${password}</arg>
<status status="PASS" start="2024-09-07T14:56:07.316810" elapsed="0.054000"/>
</kw>
<kw name="Submit Credentials" owner="resource">
<kw name="Click Button" owner="SeleniumLibrary">
<msg time="2024-09-07T14:56:07.371810" level="INFO">Clicking button 'login_button'.</msg>
<arg>login_button</arg>
<doc>Clicks the button identified by ``locator``.</doc>
<status status="PASS" start="2024-09-07T14:56:07.371810" elapsed="0.060002"/>
</kw>
<status status="PASS" start="2024-09-07T14:56:07.370810" elapsed="0.061002"/>
</kw>
<kw name="Login Should Have Failed">
<kw name="Location Should Be" owner="SeleniumLibrary">
<msg time="2024-09-07T14:56:07.440823" level="INFO">Current location is 'http://localhost:7272/error.html'.</msg>
<arg>${ERROR URL}</arg>
<doc>Verifies that the current URL is exactly ``url``.</doc>
<status status="PASS" start="2024-09-07T14:56:07.432812" elapsed="0.008011"/>
</kw>
<kw name="Title Should Be" owner="SeleniumLibrary">
<msg time="2024-09-07T14:56:07.448810" level="INFO">Page title is 'Error Page'.</msg>
<arg>Error Page</arg>
<doc>Verifies that the current page title equals ``title``.</doc>
<status status="PASS" start="2024-09-07T14:56:07.440823" elapsed="0.007987"/>
</kw>
<status status="PASS" start="2024-09-07T14:56:07.431812" elapsed="0.016998"/>
</kw>
<arg>${VALID USER}</arg>
<arg>${EMPTY}</arg>
<status status="PASS" start="2024-09-07T14:56:07.232811" elapsed="0.215999"/>
</kw>
<status status="PASS" start="2024-09-07T14:56:07.197809" elapsed="0.251001"/>
</test>
<test id="s1-t6" name="Empty Username And Password" line="22">
<kw name="Go To Login Page" owner="resource" type="SETUP">
<kw name="Go To" owner="SeleniumLibrary">
<msg time="2024-09-07T14:56:07.450810" level="INFO">Opening url 'http://localhost:7272/'</msg>
<arg>${LOGIN URL}</arg>
<doc>Navigates the current browser window to the provided ``url``.</doc>
<status status="PASS" start="2024-09-07T14:56:07.450810" elapsed="0.031000"/>
</kw>
<kw name="Login Page Should Be Open" owner="resource">
<kw name="Title Should Be" owner="SeleniumLibrary">
<msg time="2024-09-07T14:56:07.488811" level="INFO">Page title is 'Login Page'.</msg>
<arg>Login Page</arg>
<doc>Verifies that the current page title equals ``title``.</doc>
<status status="PASS" start="2024-09-07T14:56:07.483824" elapsed="0.004987"/>
</kw>
<status status="PASS" start="2024-09-07T14:56:07.482813" elapsed="0.005998"/>
</kw>
<status status="PASS" start="2024-09-07T14:56:07.450810" elapsed="0.038001"/>
</kw>
<kw name="Login With Invalid Credentials Should Fail">
<kw name="Input Username" owner="resource">
<kw name="Input Text" owner="SeleniumLibrary">
<msg time="2024-09-07T14:56:07.490810" level="INFO">Typing text '' into text field 'username_field'.</msg>
<arg>username_field</arg>
<arg>${username}</arg>
<doc>Types the given ``text`` into the text field identified by ``locator``.</doc>
<status status="PASS" start="2024-09-07T14:56:07.490810" elapsed="0.075000"/>
</kw>
<arg>${username}</arg>
<status status="PASS" start="2024-09-07T14:56:07.489816" elapsed="0.075994"/>
</kw>
<kw name="Input Password" owner="resource">
<kw name="Input Text" owner="SeleniumLibrary">
<msg time="2024-09-07T14:56:07.566809" level="INFO">Typing text '' into text field 'password_field'.</msg>
<arg>password_field</arg>
<arg>${password}</arg>
<doc>Types the given ``text`` into the text field identified by ``locator``.</doc>
<status status="PASS" start="2024-09-07T14:56:07.566809" elapsed="0.055001"/>
</kw>
<arg>${password}</arg>
<status status="PASS" start="2024-09-07T14:56:07.566809" elapsed="0.055001"/>
</kw>
<kw name="Submit Credentials" owner="resource">
<kw name="Click Button" owner="SeleniumLibrary">
<msg time="2024-09-07T14:56:07.621810" level="INFO">Clicking button 'login_button'.</msg>
<arg>login_button</arg>
<doc>Clicks the button identified by ``locator``.</doc>
<status status="PASS" start="2024-09-07T14:56:07.621810" elapsed="0.058050"/>
</kw>
<status status="PASS" start="2024-09-07T14:56:07.621810" elapsed="0.058050"/>
</kw>
<kw name="Login Should Have Failed">
<kw name="Location Should Be" owner="SeleniumLibrary">
<msg time="2024-09-07T14:56:07.687810" level="INFO">Current location is 'http://localhost:7272/error.html'.</msg>
<arg>${ERROR URL}</arg>
<doc>Verifies that the current URL is exactly ``url``.</doc>
<status status="PASS" start="2024-09-07T14:56:07.679860" elapsed="0.007950"/>
</kw>
<kw name="Title Should Be" owner="SeleniumLibrary">
<msg time="2024-09-07T14:56:07.691809" level="INFO">Page title is 'Error Page'.</msg>
<arg>Error Page</arg>
<doc>Verifies that the current page title equals ``title``.</doc>
<status status="PASS" start="2024-09-07T14:56:07.687810" elapsed="0.003999"/>
</kw>
<status status="PASS" start="2024-09-07T14:56:07.679860" elapsed="0.011949"/>
</kw>
<arg>${EMPTY}</arg>
<arg>${EMPTY}</arg>
<status status="PASS" start="2024-09-07T14:56:07.489816" elapsed="0.201993"/>
</kw>
<status status="PASS" start="2024-09-07T14:56:07.450810" elapsed="0.240999"/>
</test>
<kw name="Close Browser" owner="SeleniumLibrary" type="TEARDOWN">
<doc>Closes the current browser.</doc>
<status status="PASS" start="2024-09-07T14:56:07.693811" elapsed="2.142533"/>
</kw>
<doc>A test suite containing tests related to invalid login.

These tests are data-driven by their nature. They use a single
keyword, specified with Test Template setting, that is called
with different arguments to cover different scenarios.

This suite also demonstrates using setups and teardowns in
different levels.</doc>
<status status="PASS" start="2024-09-07T14:56:04.093345" elapsed="5.742999"/>
</suite>
<statistics>
<total>
<stat pass="6" fail="0" skip="0">All Tests</stat>
</total>
<tag>
</tag>
<suite>
<stat pass="6" fail="0" skip="0" id="s1" name="Invalid Login">Invalid Login</stat>
</suite>
</statistics>
<errors>
</errors>
</robot>
